#-----------------------------------------------------------
# Vivado v2018.3 (64-bit)
# SW Build 2405991 on Thu Dec  6 23:38:27 MST 2018
# IP Build 2404404 on Fri Dec  7 01:43:56 MST 2018
# Start of session at: Sun Jun 25 20:09:30 2023
# Process ID: 348
# Current directory: E:/Code/Vivado/SinglecycleCPU
# Command line: vivado.exe -gui_launcher_event rodinguilauncherevent3024 E:\Code\Vivado\SinglecycleCPU\SinglecycleCPU.xpr
# Log file: E:/Code/Vivado/SinglecycleCPU/vivado.log
# Journal file: E:/Code/Vivado/SinglecycleCPU\vivado.jou
#-----------------------------------------------------------
start_gui
open_project E:/Code/Vivado/SinglecycleCPU/SinglecycleCPU.xpr
Scanning sources...
Finished scanning sources
INFO: [IP_Flow 19-234] Refreshing IP repositories
INFO: [IP_Flow 19-1704] No user IP repositories specified
INFO: [IP_Flow 19-2313] Loaded Vivado IP repository 'E:/Vivado/Vivado/2018.3/data/ip'.
open_project: Time (s): cpu = 00:00:12 ; elapsed = 00:00:06 . Memory (MB): peak = 847.148 ; gain = 189.645
update_compile_order -fileset sources_1
add_files -norecurse E:/Code/Vivado/SinglecycleCPU/SinglecycleCPU.srcs/sources_1/imports/SCPU/dm_controller.edf
update_compile_order -fileset sources_1
reset_run synth_1
launch_runs impl_1 -to_step write_bitstream -jobs 8
INFO: [Vivado 12-4149] The synthesis checkpoint for IP 'E:/Code/Vivado/SinglecycleCPU/SinglecycleCPU.srcs/sources_1/ip/ROM_D/ROM_D.xci' is already up-to-date
[Sun Jun 25 20:19:27 2023] Launched synth_1...
Run output will be captured here: E:/Code/Vivado/SinglecycleCPU/SinglecycleCPU.runs/synth_1/runme.log
[Sun Jun 25 20:19:27 2023] Launched impl_1...
Run output will be captured here: E:/Code/Vivado/SinglecycleCPU/SinglecycleCPU.runs/impl_1/runme.log
reset_run synth_1
launch_runs impl_1 -to_step write_bitstream -jobs 8
INFO: [Vivado 12-4149] The synthesis checkpoint for IP 'E:/Code/Vivado/SinglecycleCPU/SinglecycleCPU.srcs/sources_1/ip/ROM_D/ROM_D.xci' is already up-to-date
[Sun Jun 25 20:21:07 2023] Launched synth_1...
Run output will be captured here: E:/Code/Vivado/SinglecycleCPU/SinglecycleCPU.runs/synth_1/runme.log
[Sun Jun 25 20:21:07 2023] Launched impl_1...
Run output will be captured here: E:/Code/Vivado/SinglecycleCPU/SinglecycleCPU.runs/impl_1/runme.log
open_hw
connect_hw_server
INFO: [Labtools 27-2285] Connecting to hw_server url TCP:localhost:3121
INFO: [Labtools 27-2222] Launching hw_server...
INFO: [Labtools 27-2221] Launch Output:

****** Xilinx hw_server v2018.3
  **** Build date : Dec  7 2018-00:40:27
    ** Copyright 1986-2018 Xilinx, Inc. All Rights Reserved.


open_hw_target
INFO: [Labtoolstcl 44-466] Opening hw_target localhost:3121/xilinx_tcf/Digilent/210292B62258A
set_property PROGRAM.FILE {E:/Code/Vivado/SinglecycleCPU/SinglecycleCPU.runs/impl_1/top.bit} [get_hw_devices xc7a100t_0]
current_hw_device [get_hw_devices xc7a100t_0]
refresh_hw_device -update_hw_probes false [lindex [get_hw_devices xc7a100t_0] 0]
INFO: [Labtools 27-1434] Device xc7a100t (JTAG device index = 0) is programmed with a design that has no supported debug core(s) in it.
set_property PROBES.FILE {} [get_hw_devices xc7a100t_0]
set_property FULL_PROBES.FILE {} [get_hw_devices xc7a100t_0]
set_property PROGRAM.FILE {E:/Code/Vivado/SinglecycleCPU/SinglecycleCPU.runs/impl_1/top.bit} [get_hw_devices xc7a100t_0]
program_hw_devices [get_hw_devices xc7a100t_0]
INFO: [Labtools 27-3164] End of startup status: HIGH
refresh_hw_device [lindex [get_hw_devices xc7a100t_0] 0]
INFO: [Labtools 27-1434] Device xc7a100t (JTAG device index = 0) is programmed with a design that has no supported debug core(s) in it.
close_hw
reset_run synth_1
launch_runs impl_1 -to_step write_bitstream -jobs 8
INFO: [Vivado 12-4149] The synthesis checkpoint for IP 'E:/Code/Vivado/SinglecycleCPU/SinglecycleCPU.srcs/sources_1/ip/ROM_D/ROM_D.xci' is already up-to-date
[Sun Jun 25 20:25:26 2023] Launched synth_1...
Run output will be captured here: E:/Code/Vivado/SinglecycleCPU/SinglecycleCPU.runs/synth_1/runme.log
[Sun Jun 25 20:25:26 2023] Launched impl_1...
Run output will be captured here: E:/Code/Vivado/SinglecycleCPU/SinglecycleCPU.runs/impl_1/runme.log
open_hw
connect_hw_server
INFO: [Labtools 27-2285] Connecting to hw_server url TCP:localhost:3121
INFO: [Labtools 27-2222] Launching hw_server...
INFO: [Labtools 27-2221] Launch Output:

****** Xilinx hw_server v2018.3
  **** Build date : Dec  7 2018-00:40:27
    ** Copyright 1986-2018 Xilinx, Inc. All Rights Reserved.


open_hw_target
INFO: [Labtoolstcl 44-466] Opening hw_target localhost:3121/xilinx_tcf/Digilent/210292B62258A
set_property PROGRAM.FILE {E:/Code/Vivado/SinglecycleCPU/SinglecycleCPU.runs/impl_1/top.bit} [get_hw_devices xc7a100t_0]
current_hw_device [get_hw_devices xc7a100t_0]
refresh_hw_device -update_hw_probes false [lindex [get_hw_devices xc7a100t_0] 0]
INFO: [Labtools 27-1434] Device xc7a100t (JTAG device index = 0) is programmed with a design that has no supported debug core(s) in it.
set_property PROBES.FILE {} [get_hw_devices xc7a100t_0]
set_property FULL_PROBES.FILE {} [get_hw_devices xc7a100t_0]
set_property PROGRAM.FILE {E:/Code/Vivado/SinglecycleCPU/SinglecycleCPU.runs/impl_1/top.bit} [get_hw_devices xc7a100t_0]
program_hw_devices [get_hw_devices xc7a100t_0]
INFO: [Labtools 27-3164] End of startup status: HIGH
refresh_hw_device [lindex [get_hw_devices xc7a100t_0] 0]
INFO: [Labtools 27-1434] Device xc7a100t (JTAG device index = 0) is programmed with a design that has no supported debug core(s) in it.
reset_run synth_1
launch_runs impl_1 -to_step write_bitstream -jobs 8
INFO: [Vivado 12-4149] The synthesis checkpoint for IP 'E:/Code/Vivado/SinglecycleCPU/SinglecycleCPU.srcs/sources_1/ip/ROM_D/ROM_D.xci' is already up-to-date
[Sun Jun 25 20:28:52 2023] Launched synth_1...
Run output will be captured here: E:/Code/Vivado/SinglecycleCPU/SinglecycleCPU.runs/synth_1/runme.log
[Sun Jun 25 20:28:52 2023] Launched impl_1...
Run output will be captured here: E:/Code/Vivado/SinglecycleCPU/SinglecycleCPU.runs/impl_1/runme.log
set_property PROBES.FILE {} [get_hw_devices xc7a100t_0]
set_property FULL_PROBES.FILE {} [get_hw_devices xc7a100t_0]
set_property PROGRAM.FILE {E:/Code/Vivado/SinglecycleCPU/SinglecycleCPU.runs/impl_1/top.bit} [get_hw_devices xc7a100t_0]
program_hw_devices [get_hw_devices xc7a100t_0]
INFO: [Labtools 27-3164] End of startup status: HIGH
refresh_hw_device [lindex [get_hw_devices xc7a100t_0] 0]
INFO: [Labtools 27-1434] Device xc7a100t (JTAG device index = 0) is programmed with a design that has no supported debug core(s) in it.
close_hw
reset_run synth_1
launch_runs impl_1 -to_step write_bitstream -jobs 8
INFO: [Vivado 12-4149] The synthesis checkpoint for IP 'E:/Code/Vivado/SinglecycleCPU/SinglecycleCPU.srcs/sources_1/ip/ROM_D/ROM_D.xci' is already up-to-date
[Sun Jun 25 20:34:41 2023] Launched synth_1...
Run output will be captured here: E:/Code/Vivado/SinglecycleCPU/SinglecycleCPU.runs/synth_1/runme.log
[Sun Jun 25 20:34:41 2023] Launched impl_1...
Run output will be captured here: E:/Code/Vivado/SinglecycleCPU/SinglecycleCPU.runs/impl_1/runme.log
open_hw
connect_hw_server
INFO: [Labtools 27-2285] Connecting to hw_server url TCP:localhost:3121
INFO: [Labtools 27-2222] Launching hw_server...
INFO: [Labtools 27-2221] Launch Output:

****** Xilinx hw_server v2018.3
  **** Build date : Dec  7 2018-00:40:27
    ** Copyright 1986-2018 Xilinx, Inc. All Rights Reserved.


open_hw_target
INFO: [Labtoolstcl 44-466] Opening hw_target localhost:3121/xilinx_tcf/Digilent/210292B62258A
set_property PROGRAM.FILE {E:/Code/Vivado/SinglecycleCPU/SinglecycleCPU.runs/impl_1/top.bit} [get_hw_devices xc7a100t_0]
current_hw_device [get_hw_devices xc7a100t_0]
refresh_hw_device -update_hw_probes false [lindex [get_hw_devices xc7a100t_0] 0]
INFO: [Labtools 27-1434] Device xc7a100t (JTAG device index = 0) is programmed with a design that has no supported debug core(s) in it.
set_property PROBES.FILE {} [get_hw_devices xc7a100t_0]
set_property FULL_PROBES.FILE {} [get_hw_devices xc7a100t_0]
set_property PROGRAM.FILE {E:/Code/Vivado/SinglecycleCPU/SinglecycleCPU.runs/impl_1/top.bit} [get_hw_devices xc7a100t_0]
program_hw_devices [get_hw_devices xc7a100t_0]
INFO: [Labtools 27-3164] End of startup status: HIGH
refresh_hw_device [lindex [get_hw_devices xc7a100t_0] 0]
INFO: [Labtools 27-1434] Device xc7a100t (JTAG device index = 0) is programmed with a design that has no supported debug core(s) in it.
close_hw
reset_run synth_1
launch_runs impl_1 -to_step write_bitstream -jobs 8
INFO: [Vivado 12-4149] The synthesis checkpoint for IP 'E:/Code/Vivado/SinglecycleCPU/SinglecycleCPU.srcs/sources_1/ip/ROM_D/ROM_D.xci' is already up-to-date
[Sun Jun 25 20:41:55 2023] Launched synth_1...
Run output will be captured here: E:/Code/Vivado/SinglecycleCPU/SinglecycleCPU.runs/synth_1/runme.log
[Sun Jun 25 20:41:55 2023] Launched impl_1...
Run output will be captured here: E:/Code/Vivado/SinglecycleCPU/SinglecycleCPU.runs/impl_1/runme.log
open_hw
connect_hw_server
INFO: [Labtools 27-2285] Connecting to hw_server url TCP:localhost:3121
INFO: [Labtools 27-2222] Launching hw_server...
INFO: [Labtools 27-2221] Launch Output:

****** Xilinx hw_server v2018.3
  **** Build date : Dec  7 2018-00:40:27
    ** Copyright 1986-2018 Xilinx, Inc. All Rights Reserved.


open_hw_target
INFO: [Labtoolstcl 44-466] Opening hw_target localhost:3121/xilinx_tcf/Digilent/210292B62258A
set_property PROGRAM.FILE {E:/Code/Vivado/SinglecycleCPU/SinglecycleCPU.runs/impl_1/top.bit} [get_hw_devices xc7a100t_0]
current_hw_device [get_hw_devices xc7a100t_0]
refresh_hw_device -update_hw_probes false [lindex [get_hw_devices xc7a100t_0] 0]
INFO: [Labtools 27-1434] Device xc7a100t (JTAG device index = 0) is programmed with a design that has no supported debug core(s) in it.
set_property PROBES.FILE {} [get_hw_devices xc7a100t_0]
set_property FULL_PROBES.FILE {} [get_hw_devices xc7a100t_0]
set_property PROGRAM.FILE {E:/Code/Vivado/SinglecycleCPU/SinglecycleCPU.runs/impl_1/top.bit} [get_hw_devices xc7a100t_0]
program_hw_devices [get_hw_devices xc7a100t_0]
INFO: [Labtools 27-3164] End of startup status: HIGH
refresh_hw_device [lindex [get_hw_devices xc7a100t_0] 0]
INFO: [Labtools 27-1434] Device xc7a100t (JTAG device index = 0) is programmed with a design that has no supported debug core(s) in it.
close_hw
reset_run synth_1
launch_runs impl_1 -to_step write_bitstream -jobs 8
INFO: [Vivado 12-4149] The synthesis checkpoint for IP 'E:/Code/Vivado/SinglecycleCPU/SinglecycleCPU.srcs/sources_1/ip/ROM_D/ROM_D.xci' is already up-to-date
[Sun Jun 25 20:46:40 2023] Launched synth_1...
Run output will be captured here: E:/Code/Vivado/SinglecycleCPU/SinglecycleCPU.runs/synth_1/runme.log
[Sun Jun 25 20:46:40 2023] Launched impl_1...
Run output will be captured here: E:/Code/Vivado/SinglecycleCPU/SinglecycleCPU.runs/impl_1/runme.log
open_hw
connect_hw_server
INFO: [Labtools 27-2285] Connecting to hw_server url TCP:localhost:3121
INFO: [Labtools 27-2222] Launching hw_server...
INFO: [Labtools 27-2221] Launch Output:

****** Xilinx hw_server v2018.3
  **** Build date : Dec  7 2018-00:40:27
    ** Copyright 1986-2018 Xilinx, Inc. All Rights Reserved.


open_hw_target
INFO: [Labtoolstcl 44-466] Opening hw_target localhost:3121/xilinx_tcf/Digilent/210292B62258A
set_property PROGRAM.FILE {E:/Code/Vivado/SinglecycleCPU/SinglecycleCPU.runs/impl_1/top.bit} [get_hw_devices xc7a100t_0]
current_hw_device [get_hw_devices xc7a100t_0]
refresh_hw_device -update_hw_probes false [lindex [get_hw_devices xc7a100t_0] 0]
INFO: [Labtools 27-1434] Device xc7a100t (JTAG device index = 0) is programmed with a design that has no supported debug core(s) in it.
set_property PROBES.FILE {} [get_hw_devices xc7a100t_0]
set_property FULL_PROBES.FILE {} [get_hw_devices xc7a100t_0]
set_property PROGRAM.FILE {E:/Code/Vivado/SinglecycleCPU/SinglecycleCPU.runs/impl_1/top.bit} [get_hw_devices xc7a100t_0]
program_hw_devices [get_hw_devices xc7a100t_0]
INFO: [Labtools 27-3164] End of startup status: HIGH
refresh_hw_device [lindex [get_hw_devices xc7a100t_0] 0]
INFO: [Labtools 27-1434] Device xc7a100t (JTAG device index = 0) is programmed with a design that has no supported debug core(s) in it.
reset_run synth_1
launch_runs impl_1 -to_step write_bitstream -jobs 8
INFO: [Vivado 12-4149] The synthesis checkpoint for IP 'E:/Code/Vivado/SinglecycleCPU/SinglecycleCPU.srcs/sources_1/ip/ROM_D/ROM_D.xci' is already up-to-date
[Sun Jun 25 20:51:40 2023] Launched synth_1...
Run output will be captured here: E:/Code/Vivado/SinglecycleCPU/SinglecycleCPU.runs/synth_1/runme.log
[Sun Jun 25 20:51:40 2023] Launched impl_1...
Run output will be captured here: E:/Code/Vivado/SinglecycleCPU/SinglecycleCPU.runs/impl_1/runme.log
close_hw
synth_design -rtl -name rtl_1
Command: synth_design -rtl -name rtl_1
Starting synth_design
Using part: xc7a100tcsg324-1
Top: top
---------------------------------------------------------------------------------
Starting RTL Elaboration : Time (s): cpu = 00:00:02 ; elapsed = 00:00:02 . Memory (MB): peak = 2224.184 ; gain = 80.750
---------------------------------------------------------------------------------
INFO: [Synth 8-6157] synthesizing module 'top' [E:/Code/Vivado/SinglecycleCPU/SinglecycleCPU.srcs/sources_1/imports/SCPU/top.v:23]
INFO: [Synth 8-6157] synthesizing module 'Enter' [E:/Code/Vivado/SinglecycleCPU/SinglecycleCPU.srcs/sources_1/imports/SCPU/Enter.v:21]
INFO: [Synth 8-6155] done synthesizing module 'Enter' (1#1) [E:/Code/Vivado/SinglecycleCPU/SinglecycleCPU.srcs/sources_1/imports/SCPU/Enter.v:21]
INFO: [Synth 8-6157] synthesizing module 'clk_div' [E:/Code/Vivado/SinglecycleCPU/SinglecycleCPU.srcs/sources_1/imports/SCPU/clk_div.v:2]
INFO: [Synth 8-6155] done synthesizing module 'clk_div' (2#1) [E:/Code/Vivado/SinglecycleCPU/SinglecycleCPU.srcs/sources_1/imports/SCPU/clk_div.v:2]
WARNING: [Synth 8-350] instance 'U8_clk_div' of module 'clk_div' requires 6 connections, but only 5 given [E:/Code/Vivado/SinglecycleCPU/SinglecycleCPU.srcs/sources_1/imports/SCPU/top.v:62]
INFO: [Synth 8-6157] synthesizing module 'SCPU' [E:/Code/Vivado/SinglecycleCPU/SinglecycleCPU.srcs/sources_1/imports/SCPU/SCPU.v:16]
INFO: [Synth 8-6157] synthesizing module 'ctrl' [E:/Code/Vivado/SinglecycleCPU/SinglecycleCPU.srcs/sources_1/imports/SCPU/ctrl.v:4]
WARNING: [Synth 8-3848] Net GPRSel in module/entity ctrl does not have driver. [E:/Code/Vivado/SinglecycleCPU/SinglecycleCPU.srcs/sources_1/imports/SCPU/ctrl.v:22]
INFO: [Synth 8-6155] done synthesizing module 'ctrl' (3#1) [E:/Code/Vivado/SinglecycleCPU/SinglecycleCPU.srcs/sources_1/imports/SCPU/ctrl.v:4]
INFO: [Synth 8-6157] synthesizing module 'PC' [E:/Code/Vivado/SinglecycleCPU/SinglecycleCPU.srcs/sources_1/imports/SCPU/PC.v:1]
INFO: [Synth 8-6155] done synthesizing module 'PC' (4#1) [E:/Code/Vivado/SinglecycleCPU/SinglecycleCPU.srcs/sources_1/imports/SCPU/PC.v:1]
INFO: [Synth 8-6157] synthesizing module 'NPC' [E:/Code/Vivado/SinglecycleCPU/SinglecycleCPU.srcs/sources_1/imports/SCPU/NPC.v:3]
INFO: [Synth 8-6155] done synthesizing module 'NPC' (5#1) [E:/Code/Vivado/SinglecycleCPU/SinglecycleCPU.srcs/sources_1/imports/SCPU/NPC.v:3]
INFO: [Synth 8-6157] synthesizing module 'EXT' [E:/Code/Vivado/SinglecycleCPU/SinglecycleCPU.srcs/sources_1/imports/SCPU/EXT.v:2]
INFO: [Synth 8-6155] done synthesizing module 'EXT' (6#1) [E:/Code/Vivado/SinglecycleCPU/SinglecycleCPU.srcs/sources_1/imports/SCPU/EXT.v:2]
INFO: [Synth 8-6157] synthesizing module 'RF' [E:/Code/Vivado/SinglecycleCPU/SinglecycleCPU.srcs/sources_1/imports/SCPU/RF.v:2]
INFO: [Synth 8-6155] done synthesizing module 'RF' (7#1) [E:/Code/Vivado/SinglecycleCPU/SinglecycleCPU.srcs/sources_1/imports/SCPU/RF.v:2]
INFO: [Synth 8-6157] synthesizing module 'alu' [E:/Code/Vivado/SinglecycleCPU/SinglecycleCPU.srcs/sources_1/imports/SCPU/alu.v:3]
INFO: [Synth 8-155] case statement is not full and has no default [E:/Code/Vivado/SinglecycleCPU/SinglecycleCPU.srcs/sources_1/imports/SCPU/alu.v:15]
INFO: [Synth 8-6155] done synthesizing module 'alu' (8#1) [E:/Code/Vivado/SinglecycleCPU/SinglecycleCPU.srcs/sources_1/imports/SCPU/alu.v:3]
INFO: [Synth 8-155] case statement is not full and has no default [E:/Code/Vivado/SinglecycleCPU/SinglecycleCPU.srcs/sources_1/imports/SCPU/SCPU.v:113]
WARNING: [Synth 8-3848] Net CPU_MIO in module/entity SCPU does not have driver. [E:/Code/Vivado/SinglecycleCPU/SinglecycleCPU.srcs/sources_1/imports/SCPU/SCPU.v:28]
INFO: [Synth 8-6155] done synthesizing module 'SCPU' (9#1) [E:/Code/Vivado/SinglecycleCPU/SinglecycleCPU.srcs/sources_1/imports/SCPU/SCPU.v:16]
INFO: [Synth 8-6157] synthesizing module 'ROM_D' [E:/Code/Vivado/SinglecycleCPU/.Xil/Vivado-348-LAPTOP-DTRDI6H5/realtime/ROM_D_stub.v:6]
INFO: [Synth 8-6155] done synthesizing module 'ROM_D' (10#1) [E:/Code/Vivado/SinglecycleCPU/.Xil/Vivado-348-LAPTOP-DTRDI6H5/realtime/ROM_D_stub.v:6]
INFO: [Synth 8-6157] synthesizing module 'dm_controller' [E:/Code/Vivado/SinglecycleCPU/SinglecycleCPU.srcs/sources_1/imports/SCPU/dm_controller.v:16]
INFO: [Synth 8-6157] synthesizing module 'RAM_B' [E:/Code/Vivado/SinglecycleCPU/.Xil/Vivado-348-LAPTOP-DTRDI6H5/realtime/RAM_B_stub.v:6]
INFO: [Synth 8-6155] done synthesizing module 'RAM_B' (11#1) [E:/Code/Vivado/SinglecycleCPU/.Xil/Vivado-348-LAPTOP-DTRDI6H5/realtime/RAM_B_stub.v:6]
INFO: [Synth 8-6157] synthesizing module 'MIO_BUS' [E:/Code/Vivado/SinglecycleCPU/SinglecycleCPU.srcs/sources_1/imports/SCPU/MIO_BUS.V:15]
WARNING: [Synth 8-350] instance 'U4_MIO_BUS' of module 'MIO_BUS' requires 21 connections, but only 20 given [E:/Code/Vivado/SinglecycleCPU/SinglecycleCPU.srcs/sources_1/imports/SCPU/top.v:73]
INFO: [Synth 8-6157] synthesizing module 'Multi_8CH32' [E:/Code/Vivado/SinglecycleCPU/SinglecycleCPU.srcs/sources_1/imports/SCPU/Multi_8CH32.v:15]
WARNING: [Synth 8-689] width (1024) of port connection 'data1' does not match port width (32) of module 'Multi_8CH32_bbox_2' [E:/Code/Vivado/SinglecycleCPU/SinglecycleCPU.srcs/sources_1/imports/SCPU/top.v:82]
WARNING: [Synth 8-689] width (4096) of port connection 'point_in' does not match port width (64) of module 'Multi_8CH32_bbox_2' [E:/Code/Vivado/SinglecycleCPU/SinglecycleCPU.srcs/sources_1/imports/SCPU/top.v:84]
INFO: [Synth 8-6157] synthesizing module 'SSeg7' [E:/Code/Vivado/SinglecycleCPU/SinglecycleCPU.srcs/sources_1/imports/SCPU/SSeg7.v:15]
INFO: [Synth 8-6157] synthesizing module 'SPIO' [E:/Code/Vivado/SinglecycleCPU/SinglecycleCPU.srcs/sources_1/imports/SCPU/SPIO.v:15]
WARNING: [Synth 8-350] instance 'U7_SPIO' of module 'SPIO' requires 8 connections, but only 7 given [E:/Code/Vivado/SinglecycleCPU/SinglecycleCPU.srcs/sources_1/imports/SCPU/top.v:91]
INFO: [Synth 8-6157] synthesizing module 'Counter_x' [E:/Code/Vivado/SinglecycleCPU/SinglecycleCPU.srcs/sources_1/imports/SCPU/Counter_3_IO.v:21]
WARNING: [Synth 8-6014] Unused sequential element counter1_Lock_reg was removed.  [E:/Code/Vivado/SinglecycleCPU/SinglecycleCPU.srcs/sources_1/imports/SCPU/Counter_3_IO.v:45]
WARNING: [Synth 8-6014] Unused sequential element counter2_Lock_reg was removed.  [E:/Code/Vivado/SinglecycleCPU/SinglecycleCPU.srcs/sources_1/imports/SCPU/Counter_3_IO.v:45]
WARNING: [Synth 8-6014] Unused sequential element M1_reg was removed.  [E:/Code/Vivado/SinglecycleCPU/SinglecycleCPU.srcs/sources_1/imports/SCPU/Counter_3_IO.v:50]
WARNING: [Synth 8-6014] Unused sequential element M2_reg was removed.  [E:/Code/Vivado/SinglecycleCPU/SinglecycleCPU.srcs/sources_1/imports/SCPU/Counter_3_IO.v:51]
WARNING: [Synth 8-5788] Register M0_reg in module Counter_x is has both Set and reset with same priority. This may cause simulation mismatches. Consider rewriting code  [E:/Code/Vivado/SinglecycleCPU/SinglecycleCPU.srcs/sources_1/imports/SCPU/Counter_3_IO.v:49]
WARNING: [Synth 8-5788] Register clr0_reg in module Counter_x is has both Set and reset with same priority. This may cause simulation mismatches. Consider rewriting code  [E:/Code/Vivado/SinglecycleCPU/SinglecycleCPU.srcs/sources_1/imports/SCPU/Counter_3_IO.v:71]
WARNING: [Synth 8-3848] Net counter1 in module/entity Counter_x does not have driver. [E:/Code/Vivado/SinglecycleCPU/SinglecycleCPU.srcs/sources_1/imports/SCPU/Counter_3_IO.v:36]
WARNING: [Synth 8-3848] Net counter2 in module/entity Counter_x does not have driver. [E:/Code/Vivado/SinglecycleCPU/SinglecycleCPU.srcs/sources_1/imports/SCPU/Counter_3_IO.v:36]
INFO: [Synth 8-6155] done synthesizing module 'Counter_x' (12#1) [E:/Code/Vivado/SinglecycleCPU/SinglecycleCPU.srcs/sources_1/imports/SCPU/Counter_3_IO.v:21]
WARNING: [Synth 8-350] instance 'U9_Counter_x' of module 'Counter_x' requires 12 connections, but only 11 given [E:/Code/Vivado/SinglecycleCPU/SinglecycleCPU.srcs/sources_1/imports/SCPU/top.v:95]
WARNING: [Synth 8-3848] Net counter_out in module/entity top does not have driver. [E:/Code/Vivado/SinglecycleCPU/SinglecycleCPU.srcs/sources_1/imports/SCPU/top.v:49]
INFO: [Synth 8-6155] done synthesizing module 'top' (13#1) [E:/Code/Vivado/SinglecycleCPU/SinglecycleCPU.srcs/sources_1/imports/SCPU/top.v:23]
WARNING: [Synth 8-3331] design Counter_x has unconnected port counter1_OUT
WARNING: [Synth 8-3331] design Counter_x has unconnected port counter2_OUT
WARNING: [Synth 8-3331] design Counter_x has unconnected port clk1
WARNING: [Synth 8-3331] design Counter_x has unconnected port clk2
WARNING: [Synth 8-3331] design ctrl has unconnected port GPRSel[1]
WARNING: [Synth 8-3331] design ctrl has unconnected port GPRSel[0]
WARNING: [Synth 8-3331] design SCPU has unconnected port CPU_MIO
WARNING: [Synth 8-3331] design SCPU has unconnected port MIO_ready
WARNING: [Synth 8-3331] design SCPU has unconnected port INT
WARNING: [Synth 8-3331] design Enter has unconnected port clk
---------------------------------------------------------------------------------
Finished RTL Elaboration : Time (s): cpu = 00:00:02 ; elapsed = 00:00:02 . Memory (MB): peak = 2269.469 ; gain = 126.035
---------------------------------------------------------------------------------

Report Check Netlist: 
+------+------------------+-------+---------+-------+------------------+
|      |Item              |Errors |Warnings |Status |Description       |
+------+------------------+-------+---------+-------+------------------+
|1     |multi_driven_nets |      0|        0|Passed |Multi driven nets |
+------+------------------+-------+---------+-------+------------------+
---------------------------------------------------------------------------------
Start Handling Custom Attributes
---------------------------------------------------------------------------------
---------------------------------------------------------------------------------
Finished Handling Custom Attributes : Time (s): cpu = 00:00:02 ; elapsed = 00:00:02 . Memory (MB): peak = 2269.555 ; gain = 126.121
---------------------------------------------------------------------------------
---------------------------------------------------------------------------------
Finished RTL Optimization Phase 1 : Time (s): cpu = 00:00:02 ; elapsed = 00:00:02 . Memory (MB): peak = 2269.555 ; gain = 126.121
---------------------------------------------------------------------------------
Parsing EDIF File [./SinglecycleCPU.srcs/sources_1/imports/SCPU/dm_controller.edf]
Finished Parsing EDIF File [./SinglecycleCPU.srcs/sources_1/imports/SCPU/dm_controller.edf]
Parsing EDIF File [./SinglecycleCPU.srcs/sources_1/imports/SCPU/MIO_BUS.edf]
Finished Parsing EDIF File [./SinglecycleCPU.srcs/sources_1/imports/SCPU/MIO_BUS.edf]
Parsing EDIF File [./SinglecycleCPU.srcs/sources_1/imports/SCPU/Multi_8CH32.edf]
Finished Parsing EDIF File [./SinglecycleCPU.srcs/sources_1/imports/SCPU/Multi_8CH32.edf]
Parsing EDIF File [./SinglecycleCPU.srcs/sources_1/imports/SCPU/SSeg7.edf]
Finished Parsing EDIF File [./SinglecycleCPU.srcs/sources_1/imports/SCPU/SSeg7.edf]
Parsing EDIF File [./SinglecycleCPU.srcs/sources_1/imports/SCPU/SPIO.edf]
Finished Parsing EDIF File [./SinglecycleCPU.srcs/sources_1/imports/SCPU/SPIO.edf]
INFO: [Project 1-454] Reading design checkpoint 'e:/Code/Vivado/SinglecycleCPU/SinglecycleCPU.srcs/sources_1/ip/ROM_D/ROM_D.dcp' for cell 'U2_ROMD'
INFO: [Project 1-454] Reading design checkpoint 'e:/Code/Vivado/SinglecycleCPU/SinglecycleCPU.srcs/sources_1/ip/RAM_B/RAM_B.dcp' for cell 'U4_RAM_B'
INFO: [Netlist 29-17] Analyzing 161 Unisim elements for replacement
INFO: [Netlist 29-28] Unisim Transformation completed in 0 CPU seconds
INFO: [Project 1-479] Netlist was created with Vivado 2018.3
INFO: [Device 21-403] Loading part xc7a100tcsg324-1
INFO: [Project 1-570] Preparing netlist for logic optimization
WARNING: [Opt 31-32] Removing redundant IBUF since it is not being driven by a top-level port. U3_dm_controller/Addr_in_IBUF[0]_inst 
Resolution: The tool has removed redundant IBUF. To resolve this warning, check for redundant IBUF in the input design.
WARNING: [Opt 31-32] Removing redundant IBUF since it is not being driven by a top-level port. U3_dm_controller/Addr_in_IBUF[1]_inst 
Resolution: The tool has removed redundant IBUF. To resolve this warning, check for redundant IBUF in the input design.
WARNING: [Opt 31-32] Removing redundant IBUF since it is not being driven by a top-level port. U3_dm_controller/Data_read_from_dm_IBUF[0]_inst 
Resolution: The tool has removed redundant IBUF. To resolve this warning, check for redundant IBUF in the input design.
WARNING: [Opt 31-32] Removing redundant IBUF since it is not being driven by a top-level port. U3_dm_controller/Data_read_from_dm_IBUF[10]_inst 
Resolution: The tool has removed redundant IBUF. To resolve this warning, check for redundant IBUF in the input design.
WARNING: [Opt 31-32] Removing redundant IBUF since it is not being driven by a top-level port. U3_dm_controller/Data_read_from_dm_IBUF[11]_inst 
Resolution: The tool has removed redundant IBUF. To resolve this warning, check for redundant IBUF in the input design.
WARNING: [Opt 31-32] Removing redundant IBUF since it is not being driven by a top-level port. U3_dm_controller/Data_read_from_dm_IBUF[12]_inst 
Resolution: The tool has removed redundant IBUF. To resolve this warning, check for redundant IBUF in the input design.
WARNING: [Opt 31-32] Removing redundant IBUF since it is not being driven by a top-level port. U3_dm_controller/Data_read_from_dm_IBUF[13]_inst 
Resolution: The tool has removed redundant IBUF. To resolve this warning, check for redundant IBUF in the input design.
WARNING: [Opt 31-32] Removing redundant IBUF since it is not being driven by a top-level port. U3_dm_controller/Data_read_from_dm_IBUF[14]_inst 
Resolution: The tool has removed redundant IBUF. To resolve this warning, check for redundant IBUF in the input design.
WARNING: [Opt 31-32] Removing redundant IBUF since it is not being driven by a top-level port. U3_dm_controller/Data_read_from_dm_IBUF[15]_inst 
Resolution: The tool has removed redundant IBUF. To resolve this warning, check for redundant IBUF in the input design.
WARNING: [Opt 31-32] Removing redundant IBUF since it is not being driven by a top-level port. U3_dm_controller/Data_read_from_dm_IBUF[16]_inst 
Resolution: The tool has removed redundant IBUF. To resolve this warning, check for redundant IBUF in the input design.
WARNING: [Opt 31-32] Removing redundant IBUF since it is not being driven by a top-level port. U3_dm_controller/Data_read_from_dm_IBUF[17]_inst 
Resolution: The tool has removed redundant IBUF. To resolve this warning, check for redundant IBUF in the input design.
WARNING: [Opt 31-32] Removing redundant IBUF since it is not being driven by a top-level port. U3_dm_controller/Data_read_from_dm_IBUF[18]_inst 
Resolution: The tool has removed redundant IBUF. To resolve this warning, check for redundant IBUF in the input design.
WARNING: [Opt 31-32] Removing redundant IBUF since it is not being driven by a top-level port. U3_dm_controller/Data_read_from_dm_IBUF[19]_inst 
Resolution: The tool has removed redundant IBUF. To resolve this warning, check for redundant IBUF in the input design.
WARNING: [Opt 31-32] Removing redundant IBUF since it is not being driven by a top-level port. U3_dm_controller/Data_read_from_dm_IBUF[1]_inst 
Resolution: The tool has removed redundant IBUF. To resolve this warning, check for redundant IBUF in the input design.
WARNING: [Opt 31-32] Removing redundant IBUF since it is not being driven by a top-level port. U3_dm_controller/Data_read_from_dm_IBUF[20]_inst 
Resolution: The tool has removed redundant IBUF. To resolve this warning, check for redundant IBUF in the input design.
WARNING: [Opt 31-32] Removing redundant IBUF since it is not being driven by a top-level port. U3_dm_controller/Data_read_from_dm_IBUF[21]_inst 
Resolution: The tool has removed redundant IBUF. To resolve this warning, check for redundant IBUF in the input design.
WARNING: [Opt 31-32] Removing redundant IBUF since it is not being driven by a top-level port. U3_dm_controller/Data_read_from_dm_IBUF[22]_inst 
Resolution: The tool has removed redundant IBUF. To resolve this warning, check for redundant IBUF in the input design.
WARNING: [Opt 31-32] Removing redundant IBUF since it is not being driven by a top-level port. U3_dm_controller/Data_read_from_dm_IBUF[23]_inst 
Resolution: The tool has removed redundant IBUF. To resolve this warning, check for redundant IBUF in the input design.
WARNING: [Opt 31-32] Removing redundant IBUF since it is not being driven by a top-level port. U3_dm_controller/Data_read_from_dm_IBUF[24]_inst 
Resolution: The tool has removed redundant IBUF. To resolve this warning, check for redundant IBUF in the input design.
WARNING: [Opt 31-32] Removing redundant IBUF since it is not being driven by a top-level port. U3_dm_controller/Data_read_from_dm_IBUF[25]_inst 
Resolution: The tool has removed redundant IBUF. To resolve this warning, check for redundant IBUF in the input design.
WARNING: [Opt 31-32] Removing redundant IBUF since it is not being driven by a top-level port. U3_dm_controller/Data_read_from_dm_IBUF[26]_inst 
Resolution: The tool has removed redundant IBUF. To resolve this warning, check for redundant IBUF in the input design.
WARNING: [Opt 31-32] Removing redundant IBUF since it is not being driven by a top-level port. U3_dm_controller/Data_read_from_dm_IBUF[27]_inst 
Resolution: The tool has removed redundant IBUF. To resolve this warning, check for redundant IBUF in the input design.
WARNING: [Opt 31-32] Removing redundant IBUF since it is not being driven by a top-level port. U3_dm_controller/Data_read_from_dm_IBUF[28]_inst 
Resolution: The tool has removed redundant IBUF. To resolve this warning, check for redundant IBUF in the input design.
WARNING: [Opt 31-32] Removing redundant IBUF since it is not being driven by a top-level port. U3_dm_controller/Data_read_from_dm_IBUF[29]_inst 
Resolution: The tool has removed redundant IBUF. To resolve this warning, check for redundant IBUF in the input design.
WARNING: [Opt 31-32] Removing redundant IBUF since it is not being driven by a top-level port. U3_dm_controller/Data_read_from_dm_IBUF[2]_inst 
Resolution: The tool has removed redundant IBUF. To resolve this warning, check for redundant IBUF in the input design.
WARNING: [Opt 31-32] Removing redundant IBUF since it is not being driven by a top-level port. U3_dm_controller/Data_read_from_dm_IBUF[30]_inst 
Resolution: The tool has removed redundant IBUF. To resolve this warning, check for redundant IBUF in the input design.
WARNING: [Opt 31-32] Removing redundant IBUF since it is not being driven by a top-level port. U3_dm_controller/Data_read_from_dm_IBUF[31]_inst 
Resolution: The tool has removed redundant IBUF. To resolve this warning, check for redundant IBUF in the input design.
WARNING: [Opt 31-32] Removing redundant IBUF since it is not being driven by a top-level port. U3_dm_controller/Data_read_from_dm_IBUF[3]_inst 
Resolution: The tool has removed redundant IBUF. To resolve this warning, check for redundant IBUF in the input design.
WARNING: [Opt 31-32] Removing redundant IBUF since it is not being driven by a top-level port. U3_dm_controller/Data_read_from_dm_IBUF[4]_inst 
Resolution: The tool has removed redundant IBUF. To resolve this warning, check for redundant IBUF in the input design.
WARNING: [Opt 31-32] Removing redundant IBUF since it is not being driven by a top-level port. U3_dm_controller/Data_read_from_dm_IBUF[5]_inst 
Resolution: The tool has removed redundant IBUF. To resolve this warning, check for redundant IBUF in the input design.
WARNING: [Opt 31-32] Removing redundant IBUF since it is not being driven by a top-level port. U3_dm_controller/Data_read_from_dm_IBUF[6]_inst 
Resolution: The tool has removed redundant IBUF. To resolve this warning, check for redundant IBUF in the input design.
WARNING: [Opt 31-32] Removing redundant IBUF since it is not being driven by a top-level port. U3_dm_controller/Data_read_from_dm_IBUF[7]_inst 
Resolution: The tool has removed redundant IBUF. To resolve this warning, check for redundant IBUF in the input design.
WARNING: [Opt 31-32] Removing redundant IBUF since it is not being driven by a top-level port. U3_dm_controller/Data_read_from_dm_IBUF[8]_inst 
Resolution: The tool has removed redundant IBUF. To resolve this warning, check for redundant IBUF in the input design.
WARNING: [Opt 31-32] Removing redundant IBUF since it is not being driven by a top-level port. U3_dm_controller/Data_read_from_dm_IBUF[9]_inst 
Resolution: The tool has removed redundant IBUF. To resolve this warning, check for redundant IBUF in the input design.
WARNING: [Opt 31-32] Removing redundant IBUF since it is not being driven by a top-level port. U3_dm_controller/Data_write_IBUF[0]_inst 
Resolution: The tool has removed redundant IBUF. To resolve this warning, check for redundant IBUF in the input design.
WARNING: [Opt 31-32] Removing redundant IBUF since it is not being driven by a top-level port. U3_dm_controller/Data_write_IBUF[10]_inst 
Resolution: The tool has removed redundant IBUF. To resolve this warning, check for redundant IBUF in the input design.
WARNING: [Opt 31-32] Removing redundant IBUF since it is not being driven by a top-level port. U3_dm_controller/Data_write_IBUF[11]_inst 
Resolution: The tool has removed redundant IBUF. To resolve this warning, check for redundant IBUF in the input design.
WARNING: [Opt 31-32] Removing redundant IBUF since it is not being driven by a top-level port. U3_dm_controller/Data_write_IBUF[12]_inst 
Resolution: The tool has removed redundant IBUF. To resolve this warning, check for redundant IBUF in the input design.
WARNING: [Opt 31-32] Removing redundant IBUF since it is not being driven by a top-level port. U3_dm_controller/Data_write_IBUF[13]_inst 
Resolution: The tool has removed redundant IBUF. To resolve this warning, check for redundant IBUF in the input design.
WARNING: [Opt 31-32] Removing redundant IBUF since it is not being driven by a top-level port. U3_dm_controller/Data_write_IBUF[14]_inst 
Resolution: The tool has removed redundant IBUF. To resolve this warning, check for redundant IBUF in the input design.
WARNING: [Opt 31-32] Removing redundant IBUF since it is not being driven by a top-level port. U3_dm_controller/Data_write_IBUF[15]_inst 
Resolution: The tool has removed redundant IBUF. To resolve this warning, check for redundant IBUF in the input design.
WARNING: [Opt 31-32] Removing redundant IBUF since it is not being driven by a top-level port. U3_dm_controller/Data_write_IBUF[16]_inst 
Resolution: The tool has removed redundant IBUF. To resolve this warning, check for redundant IBUF in the input design.
WARNING: [Opt 31-32] Removing redundant IBUF since it is not being driven by a top-level port. U3_dm_controller/Data_write_IBUF[17]_inst 
Resolution: The tool has removed redundant IBUF. To resolve this warning, check for redundant IBUF in the input design.
WARNING: [Opt 31-32] Removing redundant IBUF since it is not being driven by a top-level port. U3_dm_controller/Data_write_IBUF[18]_inst 
Resolution: The tool has removed redundant IBUF. To resolve this warning, check for redundant IBUF in the input design.
WARNING: [Opt 31-32] Removing redundant IBUF since it is not being driven by a top-level port. U3_dm_controller/Data_write_IBUF[19]_inst 
Resolution: The tool has removed redundant IBUF. To resolve this warning, check for redundant IBUF in the input design.
WARNING: [Opt 31-32] Removing redundant IBUF since it is not being driven by a top-level port. U3_dm_controller/Data_write_IBUF[1]_inst 
Resolution: The tool has removed redundant IBUF. To resolve this warning, check for redundant IBUF in the input design.
WARNING: [Opt 31-32] Removing redundant IBUF since it is not being driven by a top-level port. U3_dm_controller/Data_write_IBUF[20]_inst 
Resolution: The tool has removed redundant IBUF. To resolve this warning, check for redundant IBUF in the input design.
WARNING: [Opt 31-32] Removing redundant IBUF since it is not being driven by a top-level port. U3_dm_controller/Data_write_IBUF[21]_inst 
Resolution: The tool has removed redundant IBUF. To resolve this warning, check for redundant IBUF in the input design.
WARNING: [Opt 31-32] Removing redundant IBUF since it is not being driven by a top-level port. U3_dm_controller/Data_write_IBUF[22]_inst 
Resolution: The tool has removed redundant IBUF. To resolve this warning, check for redundant IBUF in the input design.
WARNING: [Opt 31-32] Removing redundant IBUF since it is not being driven by a top-level port. U3_dm_controller/Data_write_IBUF[23]_inst 
Resolution: The tool has removed redundant IBUF. To resolve this warning, check for redundant IBUF in the input design.
WARNING: [Opt 31-32] Removing redundant IBUF since it is not being driven by a top-level port. U3_dm_controller/Data_write_IBUF[24]_inst 
Resolution: The tool has removed redundant IBUF. To resolve this warning, check for redundant IBUF in the input design.
WARNING: [Opt 31-32] Removing redundant IBUF since it is not being driven by a top-level port. U3_dm_controller/Data_write_IBUF[25]_inst 
Resolution: The tool has removed redundant IBUF. To resolve this warning, check for redundant IBUF in the input design.
WARNING: [Opt 31-32] Removing redundant IBUF since it is not being driven by a top-level port. U3_dm_controller/Data_write_IBUF[26]_inst 
Resolution: The tool has removed redundant IBUF. To resolve this warning, check for redundant IBUF in the input design.
WARNING: [Opt 31-32] Removing redundant IBUF since it is not being driven by a top-level port. U3_dm_controller/Data_write_IBUF[27]_inst 
Resolution: The tool has removed redundant IBUF. To resolve this warning, check for redundant IBUF in the input design.
WARNING: [Opt 31-32] Removing redundant IBUF since it is not being driven by a top-level port. U3_dm_controller/Data_write_IBUF[28]_inst 
Resolution: The tool has removed redundant IBUF. To resolve this warning, check for redundant IBUF in the input design.
WARNING: [Opt 31-32] Removing redundant IBUF since it is not being driven by a top-level port. U3_dm_controller/Data_write_IBUF[29]_inst 
Resolution: The tool has removed redundant IBUF. To resolve this warning, check for redundant IBUF in the input design.
WARNING: [Opt 31-32] Removing redundant IBUF since it is not being driven by a top-level port. U3_dm_controller/Data_write_IBUF[2]_inst 
Resolution: The tool has removed redundant IBUF. To resolve this warning, check for redundant IBUF in the input design.
WARNING: [Opt 31-32] Removing redundant IBUF since it is not being driven by a top-level port. U3_dm_controller/Data_write_IBUF[30]_inst 
Resolution: The tool has removed redundant IBUF. To resolve this warning, check for redundant IBUF in the input design.
WARNING: [Opt 31-32] Removing redundant IBUF since it is not being driven by a top-level port. U3_dm_controller/Data_write_IBUF[31]_inst 
Resolution: The tool has removed redundant IBUF. To resolve this warning, check for redundant IBUF in the input design.
WARNING: [Opt 31-32] Removing redundant IBUF since it is not being driven by a top-level port. U3_dm_controller/Data_write_IBUF[3]_inst 
Resolution: The tool has removed redundant IBUF. To resolve this warning, check for redundant IBUF in the input design.
WARNING: [Opt 31-32] Removing redundant IBUF since it is not being driven by a top-level port. U3_dm_controller/Data_write_IBUF[4]_inst 
Resolution: The tool has removed redundant IBUF. To resolve this warning, check for redundant IBUF in the input design.
WARNING: [Opt 31-32] Removing redundant IBUF since it is not being driven by a top-level port. U3_dm_controller/Data_write_IBUF[5]_inst 
Resolution: The tool has removed redundant IBUF. To resolve this warning, check for redundant IBUF in the input design.
WARNING: [Opt 31-32] Removing redundant IBUF since it is not being driven by a top-level port. U3_dm_controller/Data_write_IBUF[6]_inst 
Resolution: The tool has removed redundant IBUF. To resolve this warning, check for redundant IBUF in the input design.
WARNING: [Opt 31-32] Removing redundant IBUF since it is not being driven by a top-level port. U3_dm_controller/Data_write_IBUF[7]_inst 
Resolution: The tool has removed redundant IBUF. To resolve this warning, check for redundant IBUF in the input design.
WARNING: [Opt 31-32] Removing redundant IBUF since it is not being driven by a top-level port. U3_dm_controller/Data_write_IBUF[8]_inst 
Resolution: The tool has removed redundant IBUF. To resolve this warning, check for redundant IBUF in the input design.
WARNING: [Opt 31-32] Removing redundant IBUF since it is not being driven by a top-level port. U3_dm_controller/Data_write_IBUF[9]_inst 
Resolution: The tool has removed redundant IBUF. To resolve this warning, check for redundant IBUF in the input design.
WARNING: [Opt 31-32] Removing redundant IBUF since it is not being driven by a top-level port. U3_dm_controller/dm_ctrl_IBUF[0]_inst 
Resolution: The tool has removed redundant IBUF. To resolve this warning, check for redundant IBUF in the input design.
WARNING: [Opt 31-32] Removing redundant IBUF since it is not being driven by a top-level port. U3_dm_controller/dm_ctrl_IBUF[1]_inst 
Resolution: The tool has removed redundant IBUF. To resolve this warning, check for redundant IBUF in the input design.
WARNING: [Opt 31-32] Removing redundant IBUF since it is not being driven by a top-level port. U3_dm_controller/dm_ctrl_IBUF[2]_inst 
Resolution: The tool has removed redundant IBUF. To resolve this warning, check for redundant IBUF in the input design.
WARNING: [Opt 31-32] Removing redundant IBUF since it is not being driven by a top-level port. U3_dm_controller/mem_w_IBUF_inst 
Resolution: The tool has removed redundant IBUF. To resolve this warning, check for redundant IBUF in the input design.
WARNING: [Opt 31-32] Removing redundant IBUF since it is not being driven by a top-level port. U4_MIO_BUS/Cpu_data2bus_IBUF[0]_inst 
Resolution: The tool has removed redundant IBUF. To resolve this warning, check for redundant IBUF in the input design.
WARNING: [Opt 31-32] Removing redundant IBUF since it is not being driven by a top-level port. U4_MIO_BUS/Cpu_data2bus_IBUF[10]_inst 
Resolution: The tool has removed redundant IBUF. To resolve this warning, check for redundant IBUF in the input design.
WARNING: [Opt 31-32] Removing redundant IBUF since it is not being driven by a top-level port. U4_MIO_BUS/Cpu_data2bus_IBUF[11]_inst 
Resolution: The tool has removed redundant IBUF. To resolve this warning, check for redundant IBUF in the input design.
WARNING: [Opt 31-32] Removing redundant IBUF since it is not being driven by a top-level port. U4_MIO_BUS/Cpu_data2bus_IBUF[12]_inst 
Resolution: The tool has removed redundant IBUF. To resolve this warning, check for redundant IBUF in the input design.
WARNING: [Opt 31-32] Removing redundant IBUF since it is not being driven by a top-level port. U4_MIO_BUS/Cpu_data2bus_IBUF[13]_inst 
Resolution: The tool has removed redundant IBUF. To resolve this warning, check for redundant IBUF in the input design.
WARNING: [Opt 31-32] Removing redundant IBUF since it is not being driven by a top-level port. U4_MIO_BUS/Cpu_data2bus_IBUF[14]_inst 
Resolution: The tool has removed redundant IBUF. To resolve this warning, check for redundant IBUF in the input design.
WARNING: [Opt 31-32] Removing redundant IBUF since it is not being driven by a top-level port. U4_MIO_BUS/Cpu_data2bus_IBUF[15]_inst 
Resolution: The tool has removed redundant IBUF. To resolve this warning, check for redundant IBUF in the input design.
WARNING: [Opt 31-32] Removing redundant IBUF since it is not being driven by a top-level port. U4_MIO_BUS/Cpu_data2bus_IBUF[16]_inst 
Resolution: The tool has removed redundant IBUF. To resolve this warning, check for redundant IBUF in the input design.
WARNING: [Opt 31-32] Removing redundant IBUF since it is not being driven by a top-level port. U4_MIO_BUS/Cpu_data2bus_IBUF[17]_inst 
Resolution: The tool has removed redundant IBUF. To resolve this warning, check for redundant IBUF in the input design.
WARNING: [Opt 31-32] Removing redundant IBUF since it is not being driven by a top-level port. U4_MIO_BUS/Cpu_data2bus_IBUF[18]_inst 
Resolution: The tool has removed redundant IBUF. To resolve this warning, check for redundant IBUF in the input design.
WARNING: [Opt 31-32] Removing redundant IBUF since it is not being driven by a top-level port. U4_MIO_BUS/Cpu_data2bus_IBUF[19]_inst 
Resolution: The tool has removed redundant IBUF. To resolve this warning, check for redundant IBUF in the input design.
WARNING: [Opt 31-32] Removing redundant IBUF since it is not being driven by a top-level port. U4_MIO_BUS/Cpu_data2bus_IBUF[1]_inst 
Resolution: The tool has removed redundant IBUF. To resolve this warning, check for redundant IBUF in the input design.
WARNING: [Opt 31-32] Removing redundant IBUF since it is not being driven by a top-level port. U4_MIO_BUS/Cpu_data2bus_IBUF[20]_inst 
Resolution: The tool has removed redundant IBUF. To resolve this warning, check for redundant IBUF in the input design.
WARNING: [Opt 31-32] Removing redundant IBUF since it is not being driven by a top-level port. U4_MIO_BUS/Cpu_data2bus_IBUF[21]_inst 
Resolution: The tool has removed redundant IBUF. To resolve this warning, check for redundant IBUF in the input design.
WARNING: [Opt 31-32] Removing redundant IBUF since it is not being driven by a top-level port. U4_MIO_BUS/Cpu_data2bus_IBUF[22]_inst 
Resolution: The tool has removed redundant IBUF. To resolve this warning, check for redundant IBUF in the input design.
WARNING: [Opt 31-32] Removing redundant IBUF since it is not being driven by a top-level port. U4_MIO_BUS/Cpu_data2bus_IBUF[23]_inst 
Resolution: The tool has removed redundant IBUF. To resolve this warning, check for redundant IBUF in the input design.
WARNING: [Opt 31-32] Removing redundant IBUF since it is not being driven by a top-level port. U4_MIO_BUS/Cpu_data2bus_IBUF[24]_inst 
Resolution: The tool has removed redundant IBUF. To resolve this warning, check for redundant IBUF in the input design.
WARNING: [Opt 31-32] Removing redundant IBUF since it is not being driven by a top-level port. U4_MIO_BUS/Cpu_data2bus_IBUF[25]_inst 
Resolution: The tool has removed redundant IBUF. To resolve this warning, check for redundant IBUF in the input design.
WARNING: [Opt 31-32] Removing redundant IBUF since it is not being driven by a top-level port. U4_MIO_BUS/Cpu_data2bus_IBUF[26]_inst 
Resolution: The tool has removed redundant IBUF. To resolve this warning, check for redundant IBUF in the input design.
WARNING: [Opt 31-32] Removing redundant IBUF since it is not being driven by a top-level port. U4_MIO_BUS/Cpu_data2bus_IBUF[27]_inst 
Resolution: The tool has removed redundant IBUF. To resolve this warning, check for redundant IBUF in the input design.
WARNING: [Opt 31-32] Removing redundant IBUF since it is not being driven by a top-level port. U4_MIO_BUS/Cpu_data2bus_IBUF[28]_inst 
Resolution: The tool has removed redundant IBUF. To resolve this warning, check for redundant IBUF in the input design.
WARNING: [Opt 31-32] Removing redundant IBUF since it is not being driven by a top-level port. U4_MIO_BUS/Cpu_data2bus_IBUF[29]_inst 
Resolution: The tool has removed redundant IBUF. To resolve this warning, check for redundant IBUF in the input design.
WARNING: [Opt 31-32] Removing redundant IBUF since it is not being driven by a top-level port. U4_MIO_BUS/Cpu_data2bus_IBUF[2]_inst 
Resolution: The tool has removed redundant IBUF. To resolve this warning, check for redundant IBUF in the input design.
WARNING: [Opt 31-32] Removing redundant IBUF since it is not being driven by a top-level port. U4_MIO_BUS/Cpu_data2bus_IBUF[30]_inst 
Resolution: The tool has removed redundant IBUF. To resolve this warning, check for redundant IBUF in the input design.
WARNING: [Opt 31-32] Removing redundant IBUF since it is not being driven by a top-level port. U4_MIO_BUS/Cpu_data2bus_IBUF[31]_inst 
Resolution: The tool has removed redundant IBUF. To resolve this warning, check for redundant IBUF in the input design.
WARNING: [Opt 31-32] Removing redundant IBUF since it is not being driven by a top-level port. U4_MIO_BUS/Cpu_data2bus_IBUF[3]_inst 
Resolution: The tool has removed redundant IBUF. To resolve this warning, check for redundant IBUF in the input design.
WARNING: [Opt 31-32] Removing redundant IBUF since it is not being driven by a top-level port. U4_MIO_BUS/Cpu_data2bus_IBUF[4]_inst 
Resolution: The tool has removed redundant IBUF. To resolve this warning, check for redundant IBUF in the input design.
WARNING: [Opt 31-32] Removing redundant IBUF since it is not being driven by a top-level port. U4_MIO_BUS/Cpu_data2bus_IBUF[5]_inst 
Resolution: The tool has removed redundant IBUF. To resolve this warning, check for redundant IBUF in the input design.
WARNING: [Opt 31-32] Removing redundant IBUF since it is not being driven by a top-level port. U4_MIO_BUS/Cpu_data2bus_IBUF[6]_inst 
Resolution: The tool has removed redundant IBUF. To resolve this warning, check for redundant IBUF in the input design.
WARNING: [Opt 31-32] Removing redundant IBUF since it is not being driven by a top-level port. U4_MIO_BUS/Cpu_data2bus_IBUF[7]_inst 
Resolution: The tool has removed redundant IBUF. To resolve this warning, check for redundant IBUF in the input design.
INFO: [Common 17-14] Message 'Opt 31-32' appears 100 times and further instances of the messages will be disabled. Use the Tcl command set_msg_config to change the current settings.
WARNING: [Opt 31-33] Removing redundant OBUF since it is not driving a top-level port. U3_dm_controller/wea_mem_OBUF[3]_inst 
Resolution: The tool has removed redundant OBUF. To resolve this warning, check for redundant OBUF in the input design.
WARNING: [Opt 31-33] Removing redundant OBUF since it is not driving a top-level port. U3_dm_controller/Data_read_OBUF[0]_inst 
Resolution: The tool has removed redundant OBUF. To resolve this warning, check for redundant OBUF in the input design.
WARNING: [Opt 31-33] Removing redundant OBUF since it is not driving a top-level port. U3_dm_controller/Data_read_OBUF[10]_inst 
Resolution: The tool has removed redundant OBUF. To resolve this warning, check for redundant OBUF in the input design.
WARNING: [Opt 31-33] Removing redundant OBUF since it is not driving a top-level port. U3_dm_controller/Data_read_OBUF[11]_inst 
Resolution: The tool has removed redundant OBUF. To resolve this warning, check for redundant OBUF in the input design.
WARNING: [Opt 31-33] Removing redundant OBUF since it is not driving a top-level port. U3_dm_controller/Data_read_OBUF[12]_inst 
Resolution: The tool has removed redundant OBUF. To resolve this warning, check for redundant OBUF in the input design.
WARNING: [Opt 31-33] Removing redundant OBUF since it is not driving a top-level port. U3_dm_controller/Data_read_OBUF[13]_inst 
Resolution: The tool has removed redundant OBUF. To resolve this warning, check for redundant OBUF in the input design.
WARNING: [Opt 31-33] Removing redundant OBUF since it is not driving a top-level port. U3_dm_controller/Data_read_OBUF[14]_inst 
Resolution: The tool has removed redundant OBUF. To resolve this warning, check for redundant OBUF in the input design.
WARNING: [Opt 31-33] Removing redundant OBUF since it is not driving a top-level port. U3_dm_controller/Data_read_OBUF[15]_inst 
Resolution: The tool has removed redundant OBUF. To resolve this warning, check for redundant OBUF in the input design.
WARNING: [Opt 31-33] Removing redundant OBUF since it is not driving a top-level port. U3_dm_controller/Data_read_OBUF[16]_inst 
Resolution: The tool has removed redundant OBUF. To resolve this warning, check for redundant OBUF in the input design.
WARNING: [Opt 31-33] Removing redundant OBUF since it is not driving a top-level port. U3_dm_controller/Data_read_OBUF[17]_inst 
Resolution: The tool has removed redundant OBUF. To resolve this warning, check for redundant OBUF in the input design.
WARNING: [Opt 31-33] Removing redundant OBUF since it is not driving a top-level port. U3_dm_controller/Data_read_OBUF[18]_inst 
Resolution: The tool has removed redundant OBUF. To resolve this warning, check for redundant OBUF in the input design.
WARNING: [Opt 31-33] Removing redundant OBUF since it is not driving a top-level port. U3_dm_controller/Data_read_OBUF[19]_inst 
Resolution: The tool has removed redundant OBUF. To resolve this warning, check for redundant OBUF in the input design.
WARNING: [Opt 31-33] Removing redundant OBUF since it is not driving a top-level port. U3_dm_controller/Data_read_OBUF[1]_inst 
Resolution: The tool has removed redundant OBUF. To resolve this warning, check for redundant OBUF in the input design.
WARNING: [Opt 31-33] Removing redundant OBUF since it is not driving a top-level port. U3_dm_controller/Data_read_OBUF[20]_inst 
Resolution: The tool has removed redundant OBUF. To resolve this warning, check for redundant OBUF in the input design.
WARNING: [Opt 31-33] Removing redundant OBUF since it is not driving a top-level port. U3_dm_controller/Data_read_OBUF[21]_inst 
Resolution: The tool has removed redundant OBUF. To resolve this warning, check for redundant OBUF in the input design.
WARNING: [Opt 31-33] Removing redundant OBUF since it is not driving a top-level port. U3_dm_controller/Data_read_OBUF[22]_inst 
Resolution: The tool has removed redundant OBUF. To resolve this warning, check for redundant OBUF in the input design.
WARNING: [Opt 31-33] Removing redundant OBUF since it is not driving a top-level port. U3_dm_controller/Data_read_OBUF[23]_inst 
Resolution: The tool has removed redundant OBUF. To resolve this warning, check for redundant OBUF in the input design.
WARNING: [Opt 31-33] Removing redundant OBUF since it is not driving a top-level port. U3_dm_controller/Data_read_OBUF[24]_inst 
Resolution: The tool has removed redundant OBUF. To resolve this warning, check for redundant OBUF in the input design.
WARNING: [Opt 31-33] Removing redundant OBUF since it is not driving a top-level port. U3_dm_controller/Data_read_OBUF[25]_inst 
Resolution: The tool has removed redundant OBUF. To resolve this warning, check for redundant OBUF in the input design.
WARNING: [Opt 31-33] Removing redundant OBUF since it is not driving a top-level port. U3_dm_controller/Data_read_OBUF[26]_inst 
Resolution: The tool has removed redundant OBUF. To resolve this warning, check for redundant OBUF in the input design.
WARNING: [Opt 31-33] Removing redundant OBUF since it is not driving a top-level port. U3_dm_controller/Data_read_OBUF[27]_inst 
Resolution: The tool has removed redundant OBUF. To resolve this warning, check for redundant OBUF in the input design.
WARNING: [Opt 31-33] Removing redundant OBUF since it is not driving a top-level port. U3_dm_controller/Data_read_OBUF[28]_inst 
Resolution: The tool has removed redundant OBUF. To resolve this warning, check for redundant OBUF in the input design.
WARNING: [Opt 31-33] Removing redundant OBUF since it is not driving a top-level port. U3_dm_controller/Data_read_OBUF[29]_inst 
Resolution: The tool has removed redundant OBUF. To resolve this warning, check for redundant OBUF in the input design.
WARNING: [Opt 31-33] Removing redundant OBUF since it is not driving a top-level port. U3_dm_controller/Data_read_OBUF[2]_inst 
Resolution: The tool has removed redundant OBUF. To resolve this warning, check for redundant OBUF in the input design.
WARNING: [Opt 31-33] Removing redundant OBUF since it is not driving a top-level port. U3_dm_controller/Data_read_OBUF[30]_inst 
Resolution: The tool has removed redundant OBUF. To resolve this warning, check for redundant OBUF in the input design.
WARNING: [Opt 31-33] Removing redundant OBUF since it is not driving a top-level port. U3_dm_controller/Data_read_OBUF[31]_inst 
Resolution: The tool has removed redundant OBUF. To resolve this warning, check for redundant OBUF in the input design.
WARNING: [Opt 31-33] Removing redundant OBUF since it is not driving a top-level port. U3_dm_controller/Data_read_OBUF[3]_inst 
Resolution: The tool has removed redundant OBUF. To resolve this warning, check for redundant OBUF in the input design.
WARNING: [Opt 31-33] Removing redundant OBUF since it is not driving a top-level port. U3_dm_controller/Data_read_OBUF[4]_inst 
Resolution: The tool has removed redundant OBUF. To resolve this warning, check for redundant OBUF in the input design.
WARNING: [Opt 31-33] Removing redundant OBUF since it is not driving a top-level port. U3_dm_controller/Data_read_OBUF[5]_inst 
Resolution: The tool has removed redundant OBUF. To resolve this warning, check for redundant OBUF in the input design.
WARNING: [Opt 31-33] Removing redundant OBUF since it is not driving a top-level port. U3_dm_controller/Data_read_OBUF[6]_inst 
Resolution: The tool has removed redundant OBUF. To resolve this warning, check for redundant OBUF in the input design.
WARNING: [Opt 31-33] Removing redundant OBUF since it is not driving a top-level port. U3_dm_controller/Data_read_OBUF[7]_inst 
Resolution: The tool has removed redundant OBUF. To resolve this warning, check for redundant OBUF in the input design.
WARNING: [Opt 31-33] Removing redundant OBUF since it is not driving a top-level port. U3_dm_controller/Data_read_OBUF[8]_inst 
Resolution: The tool has removed redundant OBUF. To resolve this warning, check for redundant OBUF in the input design.
WARNING: [Opt 31-33] Removing redundant OBUF since it is not driving a top-level port. U3_dm_controller/Data_read_OBUF[9]_inst 
Resolution: The tool has removed redundant OBUF. To resolve this warning, check for redundant OBUF in the input design.
WARNING: [Opt 31-33] Removing redundant OBUF since it is not driving a top-level port. U3_dm_controller/wea_mem_OBUF[2]_inst 
Resolution: The tool has removed redundant OBUF. To resolve this warning, check for redundant OBUF in the input design.
WARNING: [Opt 31-33] Removing redundant OBUF since it is not driving a top-level port. U3_dm_controller/wea_mem_OBUF[1]_inst 
Resolution: The tool has removed redundant OBUF. To resolve this warning, check for redundant OBUF in the input design.
WARNING: [Opt 31-33] Removing redundant OBUF since it is not driving a top-level port. U3_dm_controller/wea_mem_OBUF[0]_inst 
Resolution: The tool has removed redundant OBUF. To resolve this warning, check for redundant OBUF in the input design.
WARNING: [Opt 31-33] Removing redundant OBUF since it is not driving a top-level port. U3_dm_controller/Data_write_to_dm_OBUF[0]_inst 
Resolution: The tool has removed redundant OBUF. To resolve this warning, check for redundant OBUF in the input design.
WARNING: [Opt 31-33] Removing redundant OBUF since it is not driving a top-level port. U3_dm_controller/Data_write_to_dm_OBUF[10]_inst 
Resolution: The tool has removed redundant OBUF. To resolve this warning, check for redundant OBUF in the input design.
WARNING: [Opt 31-33] Removing redundant OBUF since it is not driving a top-level port. U3_dm_controller/Data_write_to_dm_OBUF[11]_inst 
Resolution: The tool has removed redundant OBUF. To resolve this warning, check for redundant OBUF in the input design.
WARNING: [Opt 31-33] Removing redundant OBUF since it is not driving a top-level port. U3_dm_controller/Data_write_to_dm_OBUF[12]_inst 
Resolution: The tool has removed redundant OBUF. To resolve this warning, check for redundant OBUF in the input design.
WARNING: [Opt 31-33] Removing redundant OBUF since it is not driving a top-level port. U3_dm_controller/Data_write_to_dm_OBUF[13]_inst 
Resolution: The tool has removed redundant OBUF. To resolve this warning, check for redundant OBUF in the input design.
WARNING: [Opt 31-33] Removing redundant OBUF since it is not driving a top-level port. U3_dm_controller/Data_write_to_dm_OBUF[14]_inst 
Resolution: The tool has removed redundant OBUF. To resolve this warning, check for redundant OBUF in the input design.
WARNING: [Opt 31-33] Removing redundant OBUF since it is not driving a top-level port. U3_dm_controller/Data_write_to_dm_OBUF[15]_inst 
Resolution: The tool has removed redundant OBUF. To resolve this warning, check for redundant OBUF in the input design.
WARNING: [Opt 31-33] Removing redundant OBUF since it is not driving a top-level port. U3_dm_controller/Data_write_to_dm_OBUF[16]_inst 
Resolution: The tool has removed redundant OBUF. To resolve this warning, check for redundant OBUF in the input design.
WARNING: [Opt 31-33] Removing redundant OBUF since it is not driving a top-level port. U3_dm_controller/Data_write_to_dm_OBUF[17]_inst 
Resolution: The tool has removed redundant OBUF. To resolve this warning, check for redundant OBUF in the input design.
WARNING: [Opt 31-33] Removing redundant OBUF since it is not driving a top-level port. U3_dm_controller/Data_write_to_dm_OBUF[18]_inst 
Resolution: The tool has removed redundant OBUF. To resolve this warning, check for redundant OBUF in the input design.
WARNING: [Opt 31-33] Removing redundant OBUF since it is not driving a top-level port. U3_dm_controller/Data_write_to_dm_OBUF[19]_inst 
Resolution: The tool has removed redundant OBUF. To resolve this warning, check for redundant OBUF in the input design.
WARNING: [Opt 31-33] Removing redundant OBUF since it is not driving a top-level port. U3_dm_controller/Data_write_to_dm_OBUF[1]_inst 
Resolution: The tool has removed redundant OBUF. To resolve this warning, check for redundant OBUF in the input design.
WARNING: [Opt 31-33] Removing redundant OBUF since it is not driving a top-level port. U3_dm_controller/Data_write_to_dm_OBUF[20]_inst 
Resolution: The tool has removed redundant OBUF. To resolve this warning, check for redundant OBUF in the input design.
WARNING: [Opt 31-33] Removing redundant OBUF since it is not driving a top-level port. U3_dm_controller/Data_write_to_dm_OBUF[21]_inst 
Resolution: The tool has removed redundant OBUF. To resolve this warning, check for redundant OBUF in the input design.
WARNING: [Opt 31-33] Removing redundant OBUF since it is not driving a top-level port. U3_dm_controller/Data_write_to_dm_OBUF[22]_inst 
Resolution: The tool has removed redundant OBUF. To resolve this warning, check for redundant OBUF in the input design.
WARNING: [Opt 31-33] Removing redundant OBUF since it is not driving a top-level port. U3_dm_controller/Data_write_to_dm_OBUF[23]_inst 
Resolution: The tool has removed redundant OBUF. To resolve this warning, check for redundant OBUF in the input design.
WARNING: [Opt 31-33] Removing redundant OBUF since it is not driving a top-level port. U3_dm_controller/Data_write_to_dm_OBUF[24]_inst 
Resolution: The tool has removed redundant OBUF. To resolve this warning, check for redundant OBUF in the input design.
WARNING: [Opt 31-33] Removing redundant OBUF since it is not driving a top-level port. U3_dm_controller/Data_write_to_dm_OBUF[25]_inst 
Resolution: The tool has removed redundant OBUF. To resolve this warning, check for redundant OBUF in the input design.
WARNING: [Opt 31-33] Removing redundant OBUF since it is not driving a top-level port. U3_dm_controller/Data_write_to_dm_OBUF[26]_inst 
Resolution: The tool has removed redundant OBUF. To resolve this warning, check for redundant OBUF in the input design.
WARNING: [Opt 31-33] Removing redundant OBUF since it is not driving a top-level port. U3_dm_controller/Data_write_to_dm_OBUF[27]_inst 
Resolution: The tool has removed redundant OBUF. To resolve this warning, check for redundant OBUF in the input design.
WARNING: [Opt 31-33] Removing redundant OBUF since it is not driving a top-level port. U3_dm_controller/Data_write_to_dm_OBUF[28]_inst 
Resolution: The tool has removed redundant OBUF. To resolve this warning, check for redundant OBUF in the input design.
WARNING: [Opt 31-33] Removing redundant OBUF since it is not driving a top-level port. U3_dm_controller/Data_write_to_dm_OBUF[29]_inst 
Resolution: The tool has removed redundant OBUF. To resolve this warning, check for redundant OBUF in the input design.
WARNING: [Opt 31-33] Removing redundant OBUF since it is not driving a top-level port. U3_dm_controller/Data_write_to_dm_OBUF[2]_inst 
Resolution: The tool has removed redundant OBUF. To resolve this warning, check for redundant OBUF in the input design.
WARNING: [Opt 31-33] Removing redundant OBUF since it is not driving a top-level port. U3_dm_controller/Data_write_to_dm_OBUF[30]_inst 
Resolution: The tool has removed redundant OBUF. To resolve this warning, check for redundant OBUF in the input design.
WARNING: [Opt 31-33] Removing redundant OBUF since it is not driving a top-level port. U3_dm_controller/Data_write_to_dm_OBUF[31]_inst 
Resolution: The tool has removed redundant OBUF. To resolve this warning, check for redundant OBUF in the input design.
WARNING: [Opt 31-33] Removing redundant OBUF since it is not driving a top-level port. U3_dm_controller/Data_write_to_dm_OBUF[3]_inst 
Resolution: The tool has removed redundant OBUF. To resolve this warning, check for redundant OBUF in the input design.
WARNING: [Opt 31-33] Removing redundant OBUF since it is not driving a top-level port. U3_dm_controller/Data_write_to_dm_OBUF[4]_inst 
Resolution: The tool has removed redundant OBUF. To resolve this warning, check for redundant OBUF in the input design.
WARNING: [Opt 31-33] Removing redundant OBUF since it is not driving a top-level port. U3_dm_controller/Data_write_to_dm_OBUF[5]_inst 
Resolution: The tool has removed redundant OBUF. To resolve this warning, check for redundant OBUF in the input design.
WARNING: [Opt 31-33] Removing redundant OBUF since it is not driving a top-level port. U3_dm_controller/Data_write_to_dm_OBUF[6]_inst 
Resolution: The tool has removed redundant OBUF. To resolve this warning, check for redundant OBUF in the input design.
WARNING: [Opt 31-33] Removing redundant OBUF since it is not driving a top-level port. U3_dm_controller/Data_write_to_dm_OBUF[7]_inst 
Resolution: The tool has removed redundant OBUF. To resolve this warning, check for redundant OBUF in the input design.
WARNING: [Opt 31-33] Removing redundant OBUF since it is not driving a top-level port. U3_dm_controller/Data_write_to_dm_OBUF[8]_inst 
Resolution: The tool has removed redundant OBUF. To resolve this warning, check for redundant OBUF in the input design.
WARNING: [Opt 31-33] Removing redundant OBUF since it is not driving a top-level port. U3_dm_controller/Data_write_to_dm_OBUF[9]_inst 
Resolution: The tool has removed redundant OBUF. To resolve this warning, check for redundant OBUF in the input design.
WARNING: [Opt 31-33] Removing redundant OBUF since it is not driving a top-level port. U4_MIO_BUS/ram_data_in_OBUF[10]_inst 
Resolution: The tool has removed redundant OBUF. To resolve this warning, check for redundant OBUF in the input design.
WARNING: [Opt 31-33] Removing redundant OBUF since it is not driving a top-level port. U4_MIO_BUS/ram_data_in_OBUF[11]_inst 
Resolution: The tool has removed redundant OBUF. To resolve this warning, check for redundant OBUF in the input design.
WARNING: [Opt 31-33] Removing redundant OBUF since it is not driving a top-level port. U4_MIO_BUS/ram_data_in_OBUF[12]_inst 
Resolution: The tool has removed redundant OBUF. To resolve this warning, check for redundant OBUF in the input design.
WARNING: [Opt 31-33] Removing redundant OBUF since it is not driving a top-level port. U4_MIO_BUS/ram_data_in_OBUF[13]_inst 
Resolution: The tool has removed redundant OBUF. To resolve this warning, check for redundant OBUF in the input design.
WARNING: [Opt 31-33] Removing redundant OBUF since it is not driving a top-level port. U4_MIO_BUS/ram_data_in_OBUF[14]_inst 
Resolution: The tool has removed redundant OBUF. To resolve this warning, check for redundant OBUF in the input design.
WARNING: [Opt 31-33] Removing redundant OBUF since it is not driving a top-level port. U4_MIO_BUS/ram_data_in_OBUF[15]_inst 
Resolution: The tool has removed redundant OBUF. To resolve this warning, check for redundant OBUF in the input design.
WARNING: [Opt 31-33] Removing redundant OBUF since it is not driving a top-level port. U4_MIO_BUS/ram_data_in_OBUF[16]_inst 
Resolution: The tool has removed redundant OBUF. To resolve this warning, check for redundant OBUF in the input design.
WARNING: [Opt 31-33] Removing redundant OBUF since it is not driving a top-level port. U4_MIO_BUS/ram_data_in_OBUF[17]_inst 
Resolution: The tool has removed redundant OBUF. To resolve this warning, check for redundant OBUF in the input design.
WARNING: [Opt 31-33] Removing redundant OBUF since it is not driving a top-level port. U4_MIO_BUS/ram_data_in_OBUF[18]_inst 
Resolution: The tool has removed redundant OBUF. To resolve this warning, check for redundant OBUF in the input design.
WARNING: [Opt 31-33] Removing redundant OBUF since it is not driving a top-level port. U4_MIO_BUS/ram_data_in_OBUF[19]_inst 
Resolution: The tool has removed redundant OBUF. To resolve this warning, check for redundant OBUF in the input design.
WARNING: [Opt 31-33] Removing redundant OBUF since it is not driving a top-level port. U4_MIO_BUS/ram_data_in_OBUF[1]_inst 
Resolution: The tool has removed redundant OBUF. To resolve this warning, check for redundant OBUF in the input design.
WARNING: [Opt 31-33] Removing redundant OBUF since it is not driving a top-level port. U4_MIO_BUS/ram_data_in_OBUF[20]_inst 
Resolution: The tool has removed redundant OBUF. To resolve this warning, check for redundant OBUF in the input design.
WARNING: [Opt 31-33] Removing redundant OBUF since it is not driving a top-level port. U4_MIO_BUS/ram_data_in_OBUF[21]_inst 
Resolution: The tool has removed redundant OBUF. To resolve this warning, check for redundant OBUF in the input design.
WARNING: [Opt 31-33] Removing redundant OBUF since it is not driving a top-level port. U4_MIO_BUS/ram_data_in_OBUF[22]_inst 
Resolution: The tool has removed redundant OBUF. To resolve this warning, check for redundant OBUF in the input design.
WARNING: [Opt 31-33] Removing redundant OBUF since it is not driving a top-level port. U4_MIO_BUS/ram_data_in_OBUF[23]_inst 
Resolution: The tool has removed redundant OBUF. To resolve this warning, check for redundant OBUF in the input design.
WARNING: [Opt 31-33] Removing redundant OBUF since it is not driving a top-level port. U4_MIO_BUS/ram_data_in_OBUF[24]_inst 
Resolution: The tool has removed redundant OBUF. To resolve this warning, check for redundant OBUF in the input design.
WARNING: [Opt 31-33] Removing redundant OBUF since it is not driving a top-level port. U4_MIO_BUS/Cpu_data4bus_OBUF[0]_inst 
Resolution: The tool has removed redundant OBUF. To resolve this warning, check for redundant OBUF in the input design.
WARNING: [Opt 31-33] Removing redundant OBUF since it is not driving a top-level port. U4_MIO_BUS/Cpu_data4bus_OBUF[10]_inst 
Resolution: The tool has removed redundant OBUF. To resolve this warning, check for redundant OBUF in the input design.
WARNING: [Opt 31-33] Removing redundant OBUF since it is not driving a top-level port. U4_MIO_BUS/Cpu_data4bus_OBUF[11]_inst 
Resolution: The tool has removed redundant OBUF. To resolve this warning, check for redundant OBUF in the input design.
WARNING: [Opt 31-33] Removing redundant OBUF since it is not driving a top-level port. U4_MIO_BUS/Cpu_data4bus_OBUF[12]_inst 
Resolution: The tool has removed redundant OBUF. To resolve this warning, check for redundant OBUF in the input design.
WARNING: [Opt 31-33] Removing redundant OBUF since it is not driving a top-level port. U4_MIO_BUS/Cpu_data4bus_OBUF[13]_inst 
Resolution: The tool has removed redundant OBUF. To resolve this warning, check for redundant OBUF in the input design.
WARNING: [Opt 31-33] Removing redundant OBUF since it is not driving a top-level port. U4_MIO_BUS/Cpu_data4bus_OBUF[14]_inst 
Resolution: The tool has removed redundant OBUF. To resolve this warning, check for redundant OBUF in the input design.
WARNING: [Opt 31-33] Removing redundant OBUF since it is not driving a top-level port. U4_MIO_BUS/Cpu_data4bus_OBUF[15]_inst 
Resolution: The tool has removed redundant OBUF. To resolve this warning, check for redundant OBUF in the input design.
WARNING: [Opt 31-33] Removing redundant OBUF since it is not driving a top-level port. U4_MIO_BUS/Cpu_data4bus_OBUF[16]_inst 
Resolution: The tool has removed redundant OBUF. To resolve this warning, check for redundant OBUF in the input design.
WARNING: [Opt 31-33] Removing redundant OBUF since it is not driving a top-level port. U4_MIO_BUS/Cpu_data4bus_OBUF[17]_inst 
Resolution: The tool has removed redundant OBUF. To resolve this warning, check for redundant OBUF in the input design.
WARNING: [Opt 31-33] Removing redundant OBUF since it is not driving a top-level port. U4_MIO_BUS/Cpu_data4bus_OBUF[18]_inst 
Resolution: The tool has removed redundant OBUF. To resolve this warning, check for redundant OBUF in the input design.
WARNING: [Opt 31-33] Removing redundant OBUF since it is not driving a top-level port. U4_MIO_BUS/Cpu_data4bus_OBUF[19]_inst 
Resolution: The tool has removed redundant OBUF. To resolve this warning, check for redundant OBUF in the input design.
WARNING: [Opt 31-33] Removing redundant OBUF since it is not driving a top-level port. U4_MIO_BUS/Cpu_data4bus_OBUF[1]_inst 
Resolution: The tool has removed redundant OBUF. To resolve this warning, check for redundant OBUF in the input design.
WARNING: [Opt 31-33] Removing redundant OBUF since it is not driving a top-level port. U4_MIO_BUS/Cpu_data4bus_OBUF[20]_inst 
Resolution: The tool has removed redundant OBUF. To resolve this warning, check for redundant OBUF in the input design.
WARNING: [Opt 31-33] Removing redundant OBUF since it is not driving a top-level port. U4_MIO_BUS/Cpu_data4bus_OBUF[21]_inst 
Resolution: The tool has removed redundant OBUF. To resolve this warning, check for redundant OBUF in the input design.
WARNING: [Opt 31-33] Removing redundant OBUF since it is not driving a top-level port. U4_MIO_BUS/Cpu_data4bus_OBUF[22]_inst 
Resolution: The tool has removed redundant OBUF. To resolve this warning, check for redundant OBUF in the input design.
WARNING: [Opt 31-33] Removing redundant OBUF since it is not driving a top-level port. U4_MIO_BUS/Cpu_data4bus_OBUF[23]_inst 
Resolution: The tool has removed redundant OBUF. To resolve this warning, check for redundant OBUF in the input design.
INFO: [Common 17-14] Message 'Opt 31-33' appears 100 times and further instances of the messages will be disabled. Use the Tcl command set_msg_config to change the current settings.
INFO: [Opt 31-140] Inserted 3 IBUFs to IO ports without IO buffers.
WARNING: [Opt 31-35] Removing redundant IBUF, U4_MIO_BUS/SW_IBUF[7]_inst, from the path connected to top-level port: sw_i[7] 
Resolution: The tool has removed redundant IBUF. To resolve this warning, check for redundant IBUF in the input design.
WARNING: [Opt 31-35] Removing redundant IBUF, U4_MIO_BUS/SW_IBUF[6]_inst, from the path connected to top-level port: sw_i[6] 
Resolution: The tool has removed redundant IBUF. To resolve this warning, check for redundant IBUF in the input design.
WARNING: [Opt 31-35] Removing redundant IBUF, U4_MIO_BUS/SW_IBUF[5]_inst, from the path connected to top-level port: sw_i[5] 
Resolution: The tool has removed redundant IBUF. To resolve this warning, check for redundant IBUF in the input design.
CRITICAL WARNING: [Shape Builder 18-119] Failed to create I/OLOGIC Route Through shape for instance U6_SSeg7/SW0_IBUF_inst. Found overlapping instances within the shape: U4_MIO_BUS/SW_IBUF[0]_inst and U6_SSeg7/SW0_IBUF_inst.

Processing XDC Constraints
Initializing timing engine
Parsing XDC File [E:/Code/Vivado/SinglecycleCPU/SinglecycleCPU.srcs/constrs_1/imports/SCPU/icf.xdc]
CRITICAL WARNING: [Vivado 12-1411] Cannot set LOC property of ports, Cannot set PACKAGE_PIN property of ports,  port sw_i[0] can not be placed on PACKAGE_PIN J15 because the PACKAGE_PIN is occupied by port sw_i[0] [E:/Code/Vivado/SinglecycleCPU/SinglecycleCPU.srcs/constrs_1/imports/SCPU/icf.xdc:26]
Finished Parsing XDC File [E:/Code/Vivado/SinglecycleCPU/SinglecycleCPU.srcs/constrs_1/imports/SCPU/icf.xdc]
Completed Processing XDC Constraints

INFO: [Opt 31-138] Pushed 0 inverter(s) to 0 load pin(s).
Netlist sorting complete. Time (s): cpu = 00:00:00 ; elapsed = 00:00:00.001 . Memory (MB): peak = 2473.312 ; gain = 0.000
INFO: [Project 1-111] Unisim Transformation Summary:
No Unisim elements were transformed.

RTL Elaboration Complete:  : Time (s): cpu = 00:00:21 ; elapsed = 00:00:17 . Memory (MB): peak = 2572.656 ; gain = 429.223
45 Infos, 230 Warnings, 2 Critical Warnings and 0 Errors encountered.
synth_design completed successfully
synth_design: Time (s): cpu = 00:00:21 ; elapsed = 00:00:17 . Memory (MB): peak = 2572.656 ; gain = 429.602
open_hw
connect_hw_server
INFO: [Labtools 27-2285] Connecting to hw_server url TCP:localhost:3121
INFO: [Labtools 27-2222] Launching hw_server...
INFO: [Labtools 27-2221] Launch Output:

****** Xilinx hw_server v2018.3
  **** Build date : Dec  7 2018-00:40:27
    ** Copyright 1986-2018 Xilinx, Inc. All Rights Reserved.


open_hw_target
INFO: [Labtoolstcl 44-466] Opening hw_target localhost:3121/xilinx_tcf/Digilent/210292B62258A
set_property PROGRAM.FILE {E:/Code/Vivado/SinglecycleCPU/SinglecycleCPU.runs/impl_1/top.bit} [get_hw_devices xc7a100t_0]
current_hw_device [get_hw_devices xc7a100t_0]
refresh_hw_device -update_hw_probes false [lindex [get_hw_devices xc7a100t_0] 0]
INFO: [Labtools 27-1434] Device xc7a100t (JTAG device index = 0) is programmed with a design that has no supported debug core(s) in it.
set_property PROBES.FILE {} [get_hw_devices xc7a100t_0]
set_property FULL_PROBES.FILE {} [get_hw_devices xc7a100t_0]
set_property PROGRAM.FILE {E:/Code/Vivado/SinglecycleCPU/SinglecycleCPU.runs/impl_1/top.bit} [get_hw_devices xc7a100t_0]
program_hw_devices [get_hw_devices xc7a100t_0]
INFO: [Labtools 27-3164] End of startup status: HIGH
refresh_hw_device [lindex [get_hw_devices xc7a100t_0] 0]
INFO: [Labtools 27-1434] Device xc7a100t (JTAG device index = 0) is programmed with a design that has no supported debug core(s) in it.
close_hw
reset_run impl_1
reset_run synth_1
launch_runs impl_1 -to_step write_bitstream -jobs 8
INFO: [Vivado 12-4149] The synthesis checkpoint for IP 'E:/Code/Vivado/SinglecycleCPU/SinglecycleCPU.srcs/sources_1/ip/ROM_D/ROM_D.xci' is already up-to-date
[Sun Jun 25 20:55:20 2023] Launched synth_1...
Run output will be captured here: E:/Code/Vivado/SinglecycleCPU/SinglecycleCPU.runs/synth_1/runme.log
[Sun Jun 25 20:55:20 2023] Launched impl_1...
Run output will be captured here: E:/Code/Vivado/SinglecycleCPU/SinglecycleCPU.runs/impl_1/runme.log
open_hw
connect_hw_server
INFO: [Labtools 27-2285] Connecting to hw_server url TCP:localhost:3121
INFO: [Labtools 27-2222] Launching hw_server...
INFO: [Labtools 27-2221] Launch Output:

****** Xilinx hw_server v2018.3
  **** Build date : Dec  7 2018-00:40:27
    ** Copyright 1986-2018 Xilinx, Inc. All Rights Reserved.


open_hw_target
INFO: [Labtoolstcl 44-466] Opening hw_target localhost:3121/xilinx_tcf/Digilent/210292B62258A
set_property PROGRAM.FILE {E:/Code/Vivado/SinglecycleCPU/SinglecycleCPU.runs/impl_1/top.bit} [get_hw_devices xc7a100t_0]
current_hw_device [get_hw_devices xc7a100t_0]
refresh_hw_device -update_hw_probes false [lindex [get_hw_devices xc7a100t_0] 0]
INFO: [Labtools 27-1434] Device xc7a100t (JTAG device index = 0) is programmed with a design that has no supported debug core(s) in it.
set_property PROBES.FILE {} [get_hw_devices xc7a100t_0]
set_property FULL_PROBES.FILE {} [get_hw_devices xc7a100t_0]
set_property PROGRAM.FILE {E:/Code/Vivado/SinglecycleCPU/SinglecycleCPU.runs/impl_1/top.bit} [get_hw_devices xc7a100t_0]
program_hw_devices [get_hw_devices xc7a100t_0]
INFO: [Labtools 27-3164] End of startup status: HIGH
refresh_hw_device [lindex [get_hw_devices xc7a100t_0] 0]
INFO: [Labtools 27-1434] Device xc7a100t (JTAG device index = 0) is programmed with a design that has no supported debug core(s) in it.
exit
INFO: [Common 17-206] Exiting Vivado at Sun Jun 25 20:58:33 2023...
