#-----------------------------------------------------------
# Vivado v2018.3 (64-bit)
# SW Build 2405991 on Thu Dec  6 23:38:27 MST 2018
# IP Build 2404404 on Fri Dec  7 01:43:56 MST 2018
# Start of session at: Sun Jun 25 15:23:42 2023
# Process ID: 11004
# Current directory: E:/Code/Vivado/SinglecycleCPU
# Command line: vivado.exe -gui_launcher_event rodinguilauncherevent15900 E:\Code\Vivado\SinglecycleCPU\SinglecycleCPU.xpr
# Log file: E:/Code/Vivado/SinglecycleCPU/vivado.log
# Journal file: E:/Code/Vivado/SinglecycleCPU\vivado.jou
#-----------------------------------------------------------
start_gui
open_project E:/Code/Vivado/SinglecycleCPU/SinglecycleCPU.xpr
Scanning sources...
Finished scanning sources
INFO: [IP_Flow 19-234] Refreshing IP repositories
INFO: [IP_Flow 19-1704] No user IP repositories specified
INFO: [IP_Flow 19-2313] Loaded Vivado IP repository 'E:/Vivado/Vivado/2018.3/data/ip'.
open_project: Time (s): cpu = 00:00:12 ; elapsed = 00:00:06 . Memory (MB): peak = 854.934 ; gain = 192.918
update_compile_order -fileset sources_1
exit
INFO: [Common 17-206] Exiting Vivado at Sun Jun 25 16:20:12 2023...
